  查询域名.cpp
C:\Users\ihana\Desktop\计网课设\计网课设\计网课设\查询域名.cpp(88,43): warning C4101:  “addit”: 未引用的局部变量
C:\Users\ihana\Desktop\计网课设\计网课设\计网课设\查询域名.cpp(88,33): warning C4101:  “auth”: 未引用的局部变量
C:\Users\ihana\Desktop\计网课设\计网课设\计网课设\查询域名.cpp(84,12): warning C4101:  “stop”: 未引用的局部变量
  查询域名.h
  读入表和检索.cpp
C:\Users\ihana\Desktop\计网课设\计网课设\计网课设\查询域名.cpp(209,16): warning C4018:  “<”: 有符号/无符号不匹配
C:\Users\ihana\Desktop\计网课设\计网课设\计网课设\读入表和检索.cpp(54,2): error C2065:  “ifstream”: 未声明的标识符
C:\Users\ihana\Desktop\计网课设\计网课设\计网课设\读入表和检索.cpp(54,11): error C2146:  语法错误: 缺少“;”(在标识符“infile”的前面)
C:\Users\ihana\Desktop\计网课设\计网课设\计网课设\读入表和检索.cpp(54,35): error C2653:  “ios”: 不是类或命名空间名称
C:\Users\ihana\Desktop\计网课设\计网课设\计网课设\读入表和检索.cpp(54,33): error C2065:  “in”: 未声明的标识符
C:\Users\ihana\Desktop\计网课设\计网课设\计网课设\读入表和检索.cpp(54,11): error C3861:  “infile”: 找不到标识符
C:\Users\ihana\Desktop\计网课设\计网课设\计网课设\读入表和检索.cpp(55,7): error C2065:  “infile”: 未声明的标识符
C:\Users\ihana\Desktop\计网课设\计网课设\计网课设\读入表和检索.cpp(57,3): error C2065:  “cout”: 未声明的标识符
C:\Users\ihana\Desktop\计网课设\计网课设\计网课设\读入表和检索.cpp(57,38): error C2065:  “endl”: 未声明的标识符
C:\Users\ihana\Desktop\计网课设\计网课设\计网课设\读入表和检索.cpp(61,17): error C2065:  “infile”: 未声明的标识符
C:\Users\ihana\Desktop\计网课设\计网课设\计网课设\读入表和检索.cpp(61,9): error C3861:  “getline”: 找不到标识符
C:\Users\ihana\Desktop\计网课设\计网课设\计网课设\读入表和检索.cpp(64,3): error C2065:  “cout”: 未声明的标识符
C:\Users\ihana\Desktop\计网课设\计网课设\计网课设\读入表和检索.cpp(64,32): error C2065:  “endl”: 未声明的标识符
C:\Users\ihana\Desktop\计网课设\计网课设\计网课设\读入表和检索.cpp(70,4): error C2065:  “cout”: 未声明的标识符
C:\Users\ihana\Desktop\计网课设\计网课设\计网课设\读入表和检索.cpp(70,42): error C2065:  “endl”: 未声明的标识符
C:\Users\ihana\Desktop\计网课设\计网课设\计网课设\读入表和检索.cpp(77,2): error C2065:  “infile”: 未声明的标识符
C:\Users\ihana\Desktop\计网课设\计网课设\计网课设\读入表和检索.cpp(78,2): error C2065:  “cout”: 未声明的标识符
C:\Users\ihana\Desktop\计网课设\计网课设\计网课设\读入表和检索.cpp(78,37): error C2065:  “endl”: 未声明的标识符
C:\Users\ihana\Desktop\计网课设\计网课设\计网课设\读入表和检索.cpp(89,38): error C2065:  “HEADER”: 未声明的标识符
C:\Users\ihana\Desktop\计网课设\计网课设\计网课设\读入表和检索.cpp(91,11): warning C4018:  “<”: 有符号/无符号不匹配
C:\Users\ihana\Desktop\计网课设\计网课设\计网课设\读入表和检索.cpp(94,33): error C2143:  语法错误: 缺少“,”(在“++”的前面)
C:\Users\ihana\Desktop\计网课设\计网课设\计网课设\读入表和检索.cpp(94,37): error C2065:  “j”: 未声明的标识符
C:\Users\ihana\Desktop\计网课设\计网课设\计网课设\读入表和检索.cpp(94,44): error C2065:  “j”: 未声明的标识符
C:\Users\ihana\Desktop\计网课设\计网课设\计网课设\读入表和检索.cpp(94,57): error C2059:  语法错误:“)”
C:\Users\ihana\Desktop\计网课设\计网课设\计网课设\读入表和检索.cpp(95,5): error C2146:  语法错误: 缺少“;”(在标识符“URL”的前面)
C:\Users\ihana\Desktop\计网课设\计网课设\计网课设\读入表和检索.cpp(127,53): error C2059:  语法错误:“,”
C:\Users\ihana\Desktop\计网课设\计网课设\计网课设\读入表和检索.cpp(130,27): error C2065:  “TempFlag”: 未声明的标识符
C:\Users\ihana\Desktop\计网课设\计网课设\计网课设\读入表和检索.cpp(131,29): error C2065:  “TempAddr”: 未声明的标识符
C:\Users\ihana\Desktop\计网课设\计网课设\计网课设\读入表和检索.cpp(141,2): error C2065:  “cout”: 未声明的标识符
C:\Users\ihana\Desktop\计网课设\计网课设\计网课设\读入表和检索.cpp(141,21): error C2653:  “ios”: 不是类或命名空间名称
C:\Users\ihana\Desktop\计网课设\计网课设\计网课设\读入表和检索.cpp(141,17): error C2065:  “left”: 未声明的标识符
C:\Users\ihana\Desktop\计网课设\计网课设\计网课设\读入表和检索.cpp(142,2): error C2065:  “cout”: 未声明的标识符
C:\Users\ihana\Desktop\计网课设\计网课设\计网课设\读入表和检索.cpp(142,31): error C2653:  “ios”: 不是类或命名空间名称
C:\Users\ihana\Desktop\计网课设\计网课设\计网课设\读入表和检索.cpp(142,27): error C2065:  “left”: 未声明的标识符
C:\Users\ihana\Desktop\计网课设\计网课设\计网课设\读入表和检索.cpp(142,10): error C3861:  “setiosflags”: 找不到标识符
C:\Users\ihana\Desktop\计网课设\计网课设\计网课设\读入表和检索.cpp(142,36): error C3861:  “setw”: 找不到标识符
C:\Users\ihana\Desktop\计网课设\计网课设\计网课设\读入表和检索.cpp(142,47): error C3861:  “setfill”: 找不到标识符
C:\Users\ihana\Desktop\计网课设\计网课设\计网课设\读入表和检索.cpp(143,2): error C2065:  “cout”: 未声明的标识符
C:\Users\ihana\Desktop\计网课设\计网课设\计网课设\读入表和检索.cpp(148,3): error C2065:  “cout”: 未声明的标识符
C:\Users\ihana\Desktop\计网课设\计网课设\计网课设\读入表和检索.cpp(148,22): error C2653:  “ios”: 不是类或命名空间名称
C:\Users\ihana\Desktop\计网课设\计网课设\计网课设\读入表和检索.cpp(148,18): error C2065:  “left”: 未声明的标识符
C:\Users\ihana\Desktop\计网课设\计网课设\计网课设\读入表和检索.cpp(149,3): error C2065:  “cout”: 未声明的标识符
C:\Users\ihana\Desktop\计网课设\计网课设\计网课设\读入表和检索.cpp(149,32): error C2653:  “ios”: 不是类或命名空间名称
C:\Users\ihana\Desktop\计网课设\计网课设\计网课设\读入表和检索.cpp(149,28): error C2065:  “left”: 未声明的标识符
C:\Users\ihana\Desktop\计网课设\计网课设\计网课设\读入表和检索.cpp(149,11): error C3861:  “setiosflags”: 找不到标识符
C:\Users\ihana\Desktop\计网课设\计网课设\计网课设\读入表和检索.cpp(149,37): error C3861:  “setw”: 找不到标识符
C:\Users\ihana\Desktop\计网课设\计网课设\计网课设\读入表和检索.cpp(149,48): error C3861:  “setfill”: 找不到标识符
C:\Users\ihana\Desktop\计网课设\计网课设\计网课设\读入表和检索.cpp(150,3): error C2065:  “cout”: 未声明的标识符
C:\Users\ihana\Desktop\计网课设\计网课设\计网课设\读入表和检索.cpp(152,3): error C2065:  “cout”: 未声明的标识符
C:\Users\ihana\Desktop\计网课设\计网课设\计网课设\读入表和检索.cpp(152,22): error C2653:  “ios”: 不是类或命名空间名称
C:\Users\ihana\Desktop\计网课设\计网课设\计网课设\读入表和检索.cpp(152,18): error C2065:  “left”: 未声明的标识符
C:\Users\ihana\Desktop\计网课设\计网课设\计网课设\读入表和检索.cpp(153,3): error C2065:  “cout”: 未声明的标识符
C:\Users\ihana\Desktop\计网课设\计网课设\计网课设\读入表和检索.cpp(153,32): error C2653:  “ios”: 不是类或命名空间名称
C:\Users\ihana\Desktop\计网课设\计网课设\计网课设\读入表和检索.cpp(153,28): error C2065:  “left”: 未声明的标识符
C:\Users\ihana\Desktop\计网课设\计网课设\计网课设\读入表和检索.cpp(153,11): error C3861:  “setiosflags”: 找不到标识符
C:\Users\ihana\Desktop\计网课设\计网课设\计网课设\读入表和检索.cpp(153,37): error C3861:  “setw”: 找不到标识符
C:\Users\ihana\Desktop\计网课设\计网课设\计网课设\读入表和检索.cpp(153,49): error C3861:  “setfill”: 找不到标识符
C:\Users\ihana\Desktop\计网课设\计网课设\计网课设\读入表和检索.cpp(154,3): error C2065:  “cout”: 未声明的标识符
C:\Users\ihana\Desktop\计网课设\计网课设\计网课设\读入表和检索.cpp(156,3): error C2065:  “cout”: 未声明的标识符
C:\Users\ihana\Desktop\计网课设\计网课设\计网课设\读入表和检索.cpp(156,22): error C2653:  “ios”: 不是类或命名空间名称
C:\Users\ihana\Desktop\计网课设\计网课设\计网课设\读入表和检索.cpp(156,18): error C2065:  “left”: 未声明的标识符
C:\Users\ihana\Desktop\计网课设\计网课设\计网课设\读入表和检索.cpp(157,3): error C2065:  “cout”: 未声明的标识符
C:\Users\ihana\Desktop\计网课设\计网课设\计网课设\读入表和检索.cpp(157,32): error C2653:  “ios”: 不是类或命名空间名称
C:\Users\ihana\Desktop\计网课设\计网课设\计网课设\读入表和检索.cpp(157,28): error C2065:  “left”: 未声明的标识符
C:\Users\ihana\Desktop\计网课设\计网课设\计网课设\读入表和检索.cpp(157,11): error C3861:  “setiosflags”: 找不到标识符
C:\Users\ihana\Desktop\计网课设\计网课设\计网课设\读入表和检索.cpp(157,37): error C3861:  “setw”: 找不到标识符
C:\Users\ihana\Desktop\计网课设\计网课设\计网课设\读入表和检索.cpp(157,49): error C3861:  “setfill”: 找不到标识符
C:\Users\ihana\Desktop\计网课设\计网课设\计网课设\读入表和检索.cpp(157,65): error C2065:  “endl”: 未声明的标识符
C:\Users\ihana\Desktop\计网课设\计网课设\计网课设\读入表和检索.cpp(162,38): error C2446:  “==”: 没有从“const char [8]”到“int”的转换
C:\Users\ihana\Desktop\计网课设\计网课设\计网课设\读入表和检索.cpp(162,29): message :  没有使该转换得以执行的上下文
C:\Users\ihana\Desktop\计网课设\计网课设\计网课设\读入表和检索.cpp(165,4): error C2065:  “cout”: 未声明的标识符
C:\Users\ihana\Desktop\计网课设\计网课设\计网课设\读入表和检索.cpp(165,23): error C2653:  “ios”: 不是类或命名空间名称
C:\Users\ihana\Desktop\计网课设\计网课设\计网课设\读入表和检索.cpp(165,19): error C2065:  “left”: 未声明的标识符
C:\Users\ihana\Desktop\计网课设\计网课设\计网课设\读入表和检索.cpp(166,4): error C2065:  “cout”: 未声明的标识符
C:\Users\ihana\Desktop\计网课设\计网课设\计网课设\读入表和检索.cpp(166,33): error C2653:  “ios”: 不是类或命名空间名称
C:\Users\ihana\Desktop\计网课设\计网课设\计网课设\读入表和检索.cpp(166,29): error C2065:  “left”: 未声明的标识符
C:\Users\ihana\Desktop\计网课设\计网课设\计网课设\读入表和检索.cpp(166,12): error C3861:  “setiosflags”: 找不到标识符
C:\Users\ihana\Desktop\计网课设\计网课设\计网课设\读入表和检索.cpp(166,38): error C3861:  “setw”: 找不到标识符
C:\Users\ihana\Desktop\计网课设\计网课设\计网课设\读入表和检索.cpp(166,49): error C3861:  “setfill”: 找不到标识符
C:\Users\ihana\Desktop\计网课设\计网课设\计网课设\读入表和检索.cpp(167,4): error C2065:  “cout”: 未声明的标识符
C:\Users\ihana\Desktop\计网课设\计网课设\计网课设\读入表和检索.cpp(169,4): error C2065:  “cout”: 未声明的标识符
C:\Users\ihana\Desktop\计网课设\计网课设\计网课设\读入表和检索.cpp(169,23): error C2653:  “ios”: 不是类或命名空间名称
C:\Users\ihana\Desktop\计网课设\计网课设\计网课设\读入表和检索.cpp(169,19): error C2065:  “left”: 未声明的标识符
C:\Users\ihana\Desktop\计网课设\计网课设\计网课设\读入表和检索.cpp(170,4): error C2065:  “cout”: 未声明的标识符
C:\Users\ihana\Desktop\计网课设\计网课设\计网课设\读入表和检索.cpp(170,40): error C2653:  “ios”: 不是类或命名空间名称
C:\Users\ihana\Desktop\计网课设\计网课设\计网课设\读入表和检索.cpp(170,36): error C2065:  “left”: 未声明的标识符
C:\Users\ihana\Desktop\计网课设\计网课设\计网课设\读入表和检索.cpp(170,19): error C3861:  “setiosflags”: 找不到标识符
C:\Users\ihana\Desktop\计网课设\计网课设\计网课设\读入表和检索.cpp(170,45): error C3861:  “setw”: 找不到标识符
C:\Users\ihana\Desktop\计网课设\计网课设\计网课设\读入表和检索.cpp(170,57): error C3861:  “setfill”: 找不到标识符
C:\Users\ihana\Desktop\计网课设\计网课设\计网课设\读入表和检索.cpp(171,4): error C2065:  “cout”: 未声明的标识符
C:\Users\ihana\Desktop\计网课设\计网课设\计网课设\读入表和检索.cpp(173,4): error C2065:  “cout”: 未声明的标识符
C:\Users\ihana\Desktop\计网课设\计网课设\计网课设\读入表和检索.cpp(173,23): error C2653:  “ios”: 不是类或命名空间名称
C:\Users\ihana\Desktop\计网课设\计网课设\计网课设\读入表和检索.cpp(173,19): error C2065:  “left”: 未声明的标识符
C:\Users\ihana\Desktop\计网课设\计网课设\计网课设\读入表和检索.cpp(174,4): error C2065:  “cout”: 未声明的标识符
C:\Users\ihana\Desktop\计网课设\计网课设\计网课设\读入表和检索.cpp(174,33): error C2653:  “ios”: 不是类或命名空间名称
C:\Users\ihana\Desktop\计网课设\计网课设\计网课设\读入表和检索.cpp(174,29): error C2065:  “left”: 未声明的标识符
C:\Users\ihana\Desktop\计网课设\计网课设\计网课设\读入表和检索.cpp(174,12): error C3861:  “setiosflags”: 找不到标识符
C:\Users\ihana\Desktop\计网课设\计网课设\计网课设\读入表和检索.cpp(174,38): error C3861:  “setw”: 找不到标识符
C:\Users\ihana\Desktop\计网课设\计网课设\计网课设\读入表和检索.cpp(174,50): error C3861:  “setfill”: 找不到标识符
C:\Users\ihana\Desktop\计网课设\计网课设\计网课设\读入表和检索.cpp(174,66): error C2065:  “endl”: 未声明的标识符
C:\Users\ihana\Desktop\计网课设\计网课设\计网课设\读入表和检索.cpp(180,4): error C2065:  “cout”: 未声明的标识符
C:\Users\ihana\Desktop\计网课设\计网课设\计网课设\读入表和检索.cpp(180,23): error C2653:  “ios”: 不是类或命名空间名称
C:\Users\ihana\Desktop\计网课设\计网课设\计网课设\读入表和检索.cpp(180,19): error C2065:  “left”: 未声明的标识符
C:\Users\ihana\Desktop\计网课设\计网课设\计网课设\读入表和检索.cpp(181,4): error C2065:  “cout”: 未声明的标识符
  正在生成代码...
C:\Users\ihana\Desktop\计网课设\计网课设\计网课设\读入表和检索.cpp(181,9): error C1003:  错误计数超过 100；正在停止编译
